<?xml version="1.0" encoding="UTF-8"?>
<testng-results ignored="0" total="3" passed="3" failed="0" skipped="0">
  <reporter-output>
  </reporter-output>
  <suite started-at="2020-08-17T02:12:35Z" name="Suite" finished-at="2020-08-17T02:12:35Z" duration-ms="37">
    <groups>
    </groups>
    <test started-at="2020-08-17T02:12:35Z" name="Test" finished-at="2020-08-17T02:12:35Z" duration-ms="37">
      <class name="com.testng.TestNgexample">
        <test-method signature="test3()[pri:1, instance:com.testng.TestNgexample@26df6e3a]" started-at="2020-08-17T02:12:35Z" name="test3" finished-at="2020-08-17T02:12:35Z" duration-ms="9" status="PASS">
          <reporter-output>
          </reporter-output>
        </test-method> <!-- test3 -->
        <test-method signature="test1()[pri:2, instance:com.testng.TestNgexample@26df6e3a]" started-at="2020-08-17T02:12:35Z" name="test1" finished-at="2020-08-17T02:12:35Z" duration-ms="2" status="PASS">
          <reporter-output>
          </reporter-output>
        </test-method> <!-- test1 -->
        <test-method signature="test2()[pri:3, instance:com.testng.TestNgexample@26df6e3a]" started-at="2020-08-17T02:12:35Z" name="test2" finished-at="2020-08-17T02:12:35Z" duration-ms="0" status="PASS">
          <reporter-output>
          </reporter-output>
        </test-method> <!-- test2 -->
      </class> <!-- com.testng.TestNgexample -->
    </test> <!-- Test -->
  </suite> <!-- Suite -->
</testng-results>
