<?xml version="1.0" encoding="UTF-8"?>
<!-- Generated by org.testng.reporters.JUnitXMLReporter -->
<testsuite ignored="0" hostname="Aiman" failures="0" tests="3" name="Default test" time="0.045" errors="0" timestamp="17 Aug 2020 00:05:27 GMT">
  <testcase classname="com.testng.TestNgexample" name="test3" time="0.009"/>
  <testcase classname="com.testng.TestNgexample" name="test1" time="0.0"/>
  <testcase classname="com.testng.TestNgexample" name="test2" time="0.001"/>
</testsuite> <!-- Default test -->
